<?xml version="1.0" encoding="UTF-8"?>
<testsuite name="testsum.my.ru.test.MathTest" time="0.218" tests="4" errors="0" skipped="0" failures="0">
  <properties>
[...]
</properties>
  <testcase name="test[0]" classname="testsum.my.ru.test.MathTest" time="0.209"/>
  <testcase name="test[1]" classname="testsum.my.ru.test.MathTest" time="0.002"/>
  <testcase name="test[2]" classname="testsum.my.ru.test.MathTest" time="0.004"/>
  <testcase name="test[3]" classname="testsum.my.ru.test.MathTest" time="0.003"/>
</testsuite>